{
  message: 'Initialization successful https://www.zohoapis.com',
  level: 'info',
  timestamp: '2024-06-21 16:56:02'
}
{
  message: 'Initialization successful https://www.zohoapis.com',
  level: 'info',
  timestamp: '2024-06-21 17:12:03'
}
{
  message: 'Initialization successful https://www.zohoapis.com',
  level: 'info',
  timestamp: '2024-06-21 17:14:27'
}
{
  message: 'Access Token has expired. Hence refreshing.',
  level: 'info',
  timestamp: '2024-06-25 12:29:21'
}
{
  message: 'Initialization successful https://www.zohoapis.com',
  level: 'info',
  timestamp: '2024-06-25 12:29:22'
}
{
  message: 'Initialization successful https://www.zohoapis.com',
  level: 'info',
  timestamp: '2024-06-25 12:30:10'
}
{
  message: 'Initialization successful https://www.zohoapis.com',
  level: 'info',
  timestamp: '2024-06-25 12:42:29'
}
{
  message: 'Initialization successful https://www.zohoapis.com',
  level: 'info',
  timestamp: '2024-06-25 13:02:14'
}
